<?xml version="1.0" encoding="UTF-8"?>
<testng-results total="1" passed="0" failed="1" skipped="0">
  <reporter-output>
  </reporter-output>
  <suite started-at="2022-05-05T10:32:32Z" name="FocusedWindowsWithDiffTimeVisibleTests.java" finished-at="2022-05-05T10:32:42Z" duration-ms="10438">
    <groups>
    </groups>
    <test started-at="2022-05-05T10:32:32Z" name="Command line test" finished-at="2022-05-05T10:32:42Z" duration-ms="10438">
      <class name="FocusedWindowsWithDiffTimeVisibleTests">
        <test-method signature="runTest()[pri:0, instance:FocusedWindowsWithDiffTimeVisibleTests@519d0887]" started-at="2022-05-05T17:32:32Z" name="runTest" finished-at="2022-05-05T17:32:42Z" duration-ms="10382" status="FAIL">
          <exception class="java.lang.RuntimeException">
            <message>
              <![CDATA[File not found: Can't read input file!]]>
            </message>
            <full-stacktrace>
              <![CDATA[java.lang.RuntimeException: File not found: Can't read input file!
	at FocusedWindowsWithDiffTimeVisibleTests.isFocused(FocusedWindowsWithDiffTimeVisibleTests.java:60)
	at FocusedWindowsWithDiffTimeVisibleTests.runTest(FocusedWindowsWithDiffTimeVisibleTests.java:44)
	at java.base/jdk.internal.reflect.NativeMethodAccessorImpl.invoke0(Native Method)
	at java.base/jdk.internal.reflect.NativeMethodAccessorImpl.invoke(NativeMethodAccessorImpl.java:62)
	at java.base/jdk.internal.reflect.DelegatingMethodAccessorImpl.invoke(DelegatingMethodAccessorImpl.java:43)
	at java.base/java.lang.reflect.Method.invoke(Method.java:566)
	at org.testng.internal.MethodInvocationHelper.invokeMethod(MethodInvocationHelper.java:100)
	at org.testng.internal.Invoker.invokeMethod(Invoker.java:646)
	at org.testng.internal.Invoker.invokeTestMethod(Invoker.java:811)
	at org.testng.internal.Invoker.invokeTestMethods(Invoker.java:1129)
	at org.testng.internal.TestMethodWorker.invokeTestMethods(TestMethodWorker.java:129)
	at org.testng.internal.TestMethodWorker.run(TestMethodWorker.java:112)
	at org.testng.TestRunner.privateRun(TestRunner.java:746)
	at org.testng.TestRunner.run(TestRunner.java:600)
	at org.testng.SuiteRunner.runTest(SuiteRunner.java:366)
	at org.testng.SuiteRunner.runSequentially(SuiteRunner.java:361)
	at org.testng.SuiteRunner.privateRun(SuiteRunner.java:319)
	at org.testng.SuiteRunner.run(SuiteRunner.java:268)
	at org.testng.SuiteRunnerWorker.runSuite(SuiteRunnerWorker.java:52)
	at org.testng.SuiteRunnerWorker.run(SuiteRunnerWorker.java:86)
	at org.testng.TestNG.runSuitesSequentially(TestNG.java:1264)
	at org.testng.TestNG.runSuitesLocally(TestNG.java:1189)
	at org.testng.TestNG.runSuites(TestNG.java:1104)
	at org.testng.TestNG.run(TestNG.java:1076)
	at com.sun.javatest.regtest.agent.TestNGRunner.main(TestNGRunner.java:94)
	at com.sun.javatest.regtest.agent.TestNGRunner.main(TestNGRunner.java:54)
	at java.base/jdk.internal.reflect.NativeMethodAccessorImpl.invoke0(Native Method)
	at java.base/jdk.internal.reflect.NativeMethodAccessorImpl.invoke(NativeMethodAccessorImpl.java:62)
	at java.base/jdk.internal.reflect.DelegatingMethodAccessorImpl.invoke(DelegatingMethodAccessorImpl.java:43)
	at java.base/java.lang.reflect.Method.invoke(Method.java:566)
	at com.sun.javatest.regtest.agent.MainWrapper$MainThread.run(MainWrapper.java:127)
	at java.base/java.lang.Thread.run(Thread.java:834)
]]>
            </full-stacktrace>
          </exception> <!-- java.lang.RuntimeException -->
          <reporter-output>
          </reporter-output>
        </test-method> <!-- runTest -->
      </class> <!-- FocusedWindowsWithDiffTimeVisibleTests -->
    </test> <!-- Command line test -->
  </suite> <!-- FocusedWindowsWithDiffTimeVisibleTests.java -->
</testng-results>
